Using pre-set license
Built from '2020.3/staging' branch; Version is '2020.3.14f1 (d0d1bb862f9d) revision 13685179'; Using compiler version '192528614'; Build Type 'Release'
OS: 'Windows 10 Education; OS build 19042.1237; Version 2009; 64bit' Language: 'en' Physical Memory: 16180 MB
BatchMode: 1, IsHumanControllingUs: 0, StartBugReporterOnCrash: 0, Is64bit: 1, IsPro: 0

 COMMAND LINE ARGUMENTS:
C:\Program Files\Unity\Editor\Unity.exe
-adb2
-batchMode
-noUpm
-name
AssetImportWorker0
-projectPath
C:/Users/w0448970/OneDrive - Nova Scotia Community College/Level Design/castle
-logFile
Logs/AssetImportWorker0.log
-srvPort
58937
Successfully changed project path to: C:/Users/w0448970/OneDrive - Nova Scotia Community College/Level Design/castle
C:/Users/w0448970/OneDrive - Nova Scotia Community College/Level Design/castle
Using Asset Import Pipeline V2.
Refreshing native plugins compatible for Editor in 26.81 ms, found 2 plugins.
Preloading 0 native plugins for Editor in 0.00 ms.
Initialize engine version: 2020.3.14f1 (d0d1bb862f9d)
[Subsystems] Discovering subsystems at path C:/Program Files/Unity/Editor/Data/Resources/UnitySubsystems
[Subsystems] Discovering subsystems at path C:/Users/w0448970/OneDrive - Nova Scotia Community College/Level Design/castle/Assets
GfxDevice: creating device client; threaded=0
Direct3D:
    Version:  Direct3D 11.0 [level 11.0]
    Renderer: NVIDIA Quadro K2200 (ID=0x13ba)
    Vendor:   
    VRAM:     4053 MB
    Driver:   27.21.14.6192
Initialize mono
Mono path[0] = 'C:/Program Files/Unity/Editor/Data/Managed'
Mono path[1] = 'C:/Program Files/Unity/Editor/Data/MonoBleedingEdge/lib/mono/unityjit'
Mono config path = 'C:/Program Files/Unity/Editor/Data/MonoBleedingEdge/etc'
Using monoOptions --debugger-agent=transport=dt_socket,embedding=1,server=y,suspend=n,address=127.0.0.1:56384
Begin MonoManager ReloadAssembly
Registering precompiled unity dll's ...
Register platform support module: C:/Program Files/Unity/Editor/Data/PlaybackEngines/WindowsStandaloneSupport/UnityEditor.WindowsStandalone.Extensions.dll
Registered in 0.001866 seconds.
Native extension for WindowsStandalone target not found
Refreshing native plugins compatible for Editor in 26.59 ms, found 2 plugins.
Preloading 0 native plugins for Editor in 0.00 ms.
Mono: successfully reloaded assembly
- Completed reload, in  0.981 seconds
Domain Reload Profiling:
	ReloadAssembly (981ms)
		BeginReloadAssembly (49ms)
			ExecutionOrderSort (0ms)
			DisableScriptedObjects (0ms)
			BackupInstance (0ms)
			ReleaseScriptingObjects (0ms)
			CreateAndSetChildDomain (1ms)
		EndReloadAssembly (422ms)
			LoadAssemblies (48ms)
			RebuildTransferFunctionScriptingTraits (0ms)
			SetupTypeCache (168ms)
			ReleaseScriptCaches (0ms)
			RebuildScriptCaches (32ms)
			SetupLoadedEditorAssemblies (151ms)
				LogAssemblyErrors (0ms)
				InitializePlatformSupportModulesInManaged (4ms)
				SetLoadedEditorAssemblies (0ms)
				RefreshPlugins (27ms)
				BeforeProcessingInitializeOnLoad (6ms)
				ProcessInitializeOnLoadAttributes (85ms)
				ProcessInitializeOnLoadMethodAttributes (29ms)
				AfterProcessingInitializeOnLoad (0ms)
				EditorAssembliesLoaded (0ms)
			ExecutionOrderSort2 (0ms)
			AwakeInstancesAfterBackupRestoration (0ms)
Platform modules already initialized, skipping
Registering precompiled user dll's ...
Registered in 0.003566 seconds.
Begin MonoManager ReloadAssembly
Native extension for WindowsStandalone target not found
Refreshing native plugins compatible for Editor in 0.28 ms, found 2 plugins.
Preloading 0 native plugins for Editor in 0.00 ms.
Mono: successfully reloaded assembly
- Completed reload, in  0.957 seconds
Domain Reload Profiling:
	ReloadAssembly (957ms)
		BeginReloadAssembly (142ms)
			ExecutionOrderSort (0ms)
			DisableScriptedObjects (4ms)
			BackupInstance (0ms)
			ReleaseScriptingObjects (0ms)
			CreateAndSetChildDomain (19ms)
		EndReloadAssembly (755ms)
			LoadAssemblies (82ms)
			RebuildTransferFunctionScriptingTraits (0ms)
			SetupTypeCache (271ms)
			ReleaseScriptCaches (0ms)
			RebuildScriptCaches (40ms)
			SetupLoadedEditorAssemblies (273ms)
				LogAssemblyErrors (0ms)
				InitializePlatformSupportModulesInManaged (5ms)
				SetLoadedEditorAssemblies (0ms)
				RefreshPlugins (0ms)
				BeforeProcessingInitializeOnLoad (48ms)
				ProcessInitializeOnLoadAttributes (210ms)
				ProcessInitializeOnLoadMethodAttributes (4ms)
				AfterProcessingInitializeOnLoad (5ms)
				EditorAssembliesLoaded (0ms)
			ExecutionOrderSort2 (0ms)
			AwakeInstancesAfterBackupRestoration (7ms)
Platform modules already initialized, skipping
========================================================================
Worker process is ready to serve import requests
Launched and connected shader compiler UnityShaderCompiler.exe after 0.04 seconds
Refreshing native plugins compatible for Editor in 0.33 ms, found 2 plugins.
Preloading 0 native plugins for Editor in 0.00 ms.
Unloading 1390 Unused Serialized files (Serialized files now loaded: 0)
System memory in use before: 65.2 MB.
System memory in use after: 65.2 MB.

Unloading 19 unused Assets to reduce memory usage. Loaded Objects now: 1823.
Total: 2.086400 ms (FindLiveObjects: 0.139700 ms CreateObjectMapping: 0.089300 ms MarkObjects: 1.701000 ms  DeleteObjects: 0.155400 ms)

AssetImportParameters requested are different than current active one (requested -> active):
  custom:framework-win-MediaFoundation: 216162199b28c13a410421893ffa2e32 -> 
  custom:video-decoder-ogg-theora: a1e56fd34408186e4bbccfd4996cb3dc -> 
  custom:container-muxer-webm: aa71ff27fc2769a1b78a27578f13a17b -> 
  custom:container-demuxer-webm: 4f35f7cbe854078d1ac9338744f61a02 -> 
  custom:container-demuxer-ogg: 62fdf1f143b41e24485cea50d1cbac27 -> 
  custom:video-encoder-webm-vp8: eb34c28f22e8b96e1ab97ce403110664 -> 
  custom:video-decoder-webm-vp8: 9c59270c3fd7afecdb556c50c9e8de78 -> 
  custom:audio-decoder-ogg-vorbis: bf7c407c2cedff20999df2af8eb42d56 -> 
  custom:audio-encoder-webm-vorbis: bf7c407c2cedff20999df2af8eb42d56 -> 
========================================================================
Received Import Request.
  path: Assets
  artifactKey: Guid(00000000000000001000000000000000) Importer(815301076,1909f56bfc062723c751e8b465ee728b)
Start importing Assets using Guid(00000000000000001000000000000000) Importer(815301076,1909f56bfc062723c751e8b465ee728b)  -> (artifact id: '42d402b061de3733987d63b9cc3b64de') in 0.009458 seconds 
  Import took 0.012124 seconds .

========================================================================
Received Import Request.
  Time since last request: 14.050175 seconds.
  path: Assets/ground.mat
  artifactKey: Guid(66d6f67a4bcde794fbb173e044d395f9) Importer(815301076,1909f56bfc062723c751e8b465ee728b)
Start importing Assets/ground.mat using Guid(66d6f67a4bcde794fbb173e044d395f9) Importer(815301076,1909f56bfc062723c751e8b465ee728b)  -> (artifact id: '619ff6374c31d214dab74e58ad8c3e46') in 0.105433 seconds 
  Import took 0.107879 seconds .

========================================================================
Received Import Request.
  Time since last request: 164.071134 seconds.
  path: Assets/brick.mat
  artifactKey: Guid(c8c605c84548d3c40b71f68f6c4a9660) Importer(815301076,1909f56bfc062723c751e8b465ee728b)
Start importing Assets/brick.mat using Guid(c8c605c84548d3c40b71f68f6c4a9660) Importer(815301076,1909f56bfc062723c751e8b465ee728b)  -> (artifact id: '461429de2c732c50a63d9c8abf676416') in 0.020551 seconds 
  Import took 0.023095 seconds .

========================================================================
Received Import Request.
  Time since last request: 303.690972 seconds.
  path: Assets/wood.mat
  artifactKey: Guid(8aa6b0b2f6eece44fa764184b7e61d36) Importer(815301076,1909f56bfc062723c751e8b465ee728b)
Start importing Assets/wood.mat using Guid(8aa6b0b2f6eece44fa764184b7e61d36) Importer(815301076,1909f56bfc062723c751e8b465ee728b)  -> (artifact id: 'e702f03682024e21680e514e94399dfe') in 0.019031 seconds 
  Import took 0.021491 seconds .

========================================================================
Received Import Request.
  Time since last request: 198.666227 seconds.
  path: Assets/door open.mat
  artifactKey: Guid(9cacc2c4731f316439c0fe826c1abbe0) Importer(815301076,1909f56bfc062723c751e8b465ee728b)
Start importing Assets/door open.mat using Guid(9cacc2c4731f316439c0fe826c1abbe0) Importer(815301076,1909f56bfc062723c751e8b465ee728b)  -> (artifact id: '41871b7639bc67c99770d3d4f5f6aaf6') in 0.018316 seconds 
  Import took 0.021416 seconds .

========================================================================
Received Import Request.
  Time since last request: 889.298260 seconds.
  path: Assets/New Material.mat
  artifactKey: Guid(2cc2bcf1f120e82438aed068e07a8017) Importer(815301076,1909f56bfc062723c751e8b465ee728b)
Start importing Assets/New Material.mat using Guid(2cc2bcf1f120e82438aed068e07a8017) Importer(815301076,1909f56bfc062723c751e8b465ee728b)  -> (artifact id: 'c95319ea8ab2262ca2f7263094257d58') in 0.019401 seconds 
  Import took 0.022094 seconds .

========================================================================
Received Import Request.
  Time since last request: 0.010207 seconds.
  path: Assets/New Material.mat
  artifactKey: Guid(2cc2bcf1f120e82438aed068e07a8017) Importer(815301076,1909f56bfc062723c751e8b465ee728b)
Start importing Assets/New Material.mat using Guid(2cc2bcf1f120e82438aed068e07a8017) Importer(815301076,1909f56bfc062723c751e8b465ee728b)  -> (artifact id: 'c95319ea8ab2262ca2f7263094257d58') in 0.013855 seconds 
  Import took 0.016699 seconds .

========================================================================
Received Import Request.
  Time since last request: 24.925036 seconds.
  path: Assets/flag.mat
  artifactKey: Guid(2cc2bcf1f120e82438aed068e07a8017) Importer(815301076,1909f56bfc062723c751e8b465ee728b)
Start importing Assets/flag.mat using Guid(2cc2bcf1f120e82438aed068e07a8017) Importer(815301076,1909f56bfc062723c751e8b465ee728b)  -> (artifact id: 'a8b30ca1e01ca481e09ab7b68cd853d1') in 0.011237 seconds 
  Import took 0.013505 seconds .

========================================================================
Received Import Request.
  Time since last request: 1357.609688 seconds.
  path: Assets/brick.mat
  artifactKey: Guid(c8c605c84548d3c40b71f68f6c4a9660) Importer(815301076,1909f56bfc062723c751e8b465ee728b)
Start importing Assets/brick.mat using Guid(c8c605c84548d3c40b71f68f6c4a9660) Importer(815301076,1909f56bfc062723c751e8b465ee728b)  -> (artifact id: '4222d41c776a108960b3607d1de88da8') in 0.018264 seconds 
  Import took 0.020966 seconds .

========================================================================
Received Import Request.
  Time since last request: 0.000225 seconds.
  path: Assets/flag.mat
  artifactKey: Guid(2cc2bcf1f120e82438aed068e07a8017) Importer(815301076,1909f56bfc062723c751e8b465ee728b)
Start importing Assets/flag.mat using Guid(2cc2bcf1f120e82438aed068e07a8017) Importer(815301076,1909f56bfc062723c751e8b465ee728b)  -> (artifact id: '9f4a0fe80bce2e53b36aa4edfa97d8c5') in 0.015221 seconds 
  Import took 0.019069 seconds .

========================================================================
Received Import Request.
  Time since last request: 0.000205 seconds.
  path: Assets/wood.mat
  artifactKey: Guid(8aa6b0b2f6eece44fa764184b7e61d36) Importer(815301076,1909f56bfc062723c751e8b465ee728b)
Start importing Assets/wood.mat using Guid(8aa6b0b2f6eece44fa764184b7e61d36) Importer(815301076,1909f56bfc062723c751e8b465ee728b)  -> (artifact id: 'd0d3e47834ee1c304fa5a22e11d026d4') in 0.015488 seconds 
  Import took 0.017911 seconds .

========================================================================
Received Import Request.
  Time since last request: 0.000299 seconds.
  path: Assets/door open.mat
  artifactKey: Guid(9cacc2c4731f316439c0fe826c1abbe0) Importer(815301076,1909f56bfc062723c751e8b465ee728b)
Start importing Assets/door open.mat using Guid(9cacc2c4731f316439c0fe826c1abbe0) Importer(815301076,1909f56bfc062723c751e8b465ee728b)  -> (artifact id: '7ae87b92903aee17071b533fac844f20') in 0.011456 seconds 
  Import took 0.014245 seconds .

========================================================================
Received Import Request.
  Time since last request: 0.000292 seconds.
  path: Assets/ground.mat
  artifactKey: Guid(66d6f67a4bcde794fbb173e044d395f9) Importer(815301076,1909f56bfc062723c751e8b465ee728b)
Start importing Assets/ground.mat using Guid(66d6f67a4bcde794fbb173e044d395f9) Importer(815301076,1909f56bfc062723c751e8b465ee728b)  -> (artifact id: '6607bad5ada4b1c7ec970285eb0a2c72') in 0.014769 seconds 
  Import took 0.016999 seconds .

